INFO [2023-07-15 12:18:50] $x
INFO [2023-07-15 12:18:50] list(max_shifter_row_names, local_shifter_row_names, curve_shifter_row_names)
INFO [2023-07-15 12:18:50] 
INFO [2023-07-15 12:18:50] $category.names
INFO [2023-07-15 12:18:50] c("Max & Y Shifters", "Local Shifters", "Curve Shifters")
INFO [2023-07-15 12:18:50] 
INFO [2023-07-15 12:18:50] $filename
INFO [2023-07-15 12:18:50] NULL
INFO [2023-07-15 12:18:50] 
INFO [2023-07-15 12:18:50] $fill
INFO [2023-07-15 12:18:50] c("dodgerblue", "firebrick1", "darkgoldenrod1")
INFO [2023-07-15 12:18:50] 
INFO [2023-07-15 12:18:50] $alpha
INFO [2023-07-15 12:18:50] [1] 0.5
INFO [2023-07-15 12:18:50] 
INFO [2023-07-15 12:18:50] $cex
INFO [2023-07-15 12:18:50] [1] 1.5
INFO [2023-07-15 12:18:50] 
INFO [2023-07-15 12:18:50] $x
INFO [2023-07-15 12:18:50] list(max_shifter_row_names, local_shifter_row_names, curve_shifter_row_names, 
INFO [2023-07-15 12:18:50]     RBP_row_names)
INFO [2023-07-15 12:18:50] 
INFO [2023-07-15 12:18:50] $category.names
INFO [2023-07-15 12:18:50] c("Max Shifters", "Local Shifters", "Curve Shifters", "RBP2GO shifters")
INFO [2023-07-15 12:18:50] 
INFO [2023-07-15 12:18:50] $filename
INFO [2023-07-15 12:18:50] NULL
INFO [2023-07-15 12:18:50] 
INFO [2023-07-15 12:18:50] $fill
INFO [2023-07-15 12:18:50] c("dodgerblue", "firebrick1", "darkgoldenrod1", "springgreen")
INFO [2023-07-15 12:18:50] 
INFO [2023-07-15 12:18:50] $alpha
INFO [2023-07-15 12:18:50] [1] 0.5
INFO [2023-07-15 12:18:50] 
INFO [2023-07-15 12:18:50] $cex
INFO [2023-07-15 12:18:50] [1] 1.5
INFO [2023-07-15 12:18:50] 
