INFO [2023-07-17 10:25:56] $x
INFO [2023-07-17 10:25:56] list(max_shifter_row_names, local_shifter_row_names, curve_shifter_row_names)
INFO [2023-07-17 10:25:56] 
INFO [2023-07-17 10:25:56] $category.names
INFO [2023-07-17 10:25:56] c("Max & Y Shifters", "Local Shifters", "Curve Shifters")
INFO [2023-07-17 10:25:56] 
INFO [2023-07-17 10:25:56] $filename
INFO [2023-07-17 10:25:56] NULL
INFO [2023-07-17 10:25:56] 
INFO [2023-07-17 10:25:56] $fill
INFO [2023-07-17 10:25:56] c("dodgerblue", "firebrick1", "darkgoldenrod1")
INFO [2023-07-17 10:25:56] 
INFO [2023-07-17 10:25:56] $alpha
INFO [2023-07-17 10:25:56] [1] 0.5
INFO [2023-07-17 10:25:56] 
INFO [2023-07-17 10:25:56] $cex
INFO [2023-07-17 10:25:56] [1] 1.5
INFO [2023-07-17 10:25:56] 
INFO [2023-07-17 10:25:56] $x
INFO [2023-07-17 10:25:56] list(max_shifter_row_names, local_shifter_row_names, curve_shifter_row_names, 
INFO [2023-07-17 10:25:56]     RBP_row_names)
INFO [2023-07-17 10:25:56] 
INFO [2023-07-17 10:25:56] $category.names
INFO [2023-07-17 10:25:56] c("Max Shifters", "Local Shifters", "Curve Shifters", "RBP2GO shifters")
INFO [2023-07-17 10:25:56] 
INFO [2023-07-17 10:25:56] $filename
INFO [2023-07-17 10:25:56] NULL
INFO [2023-07-17 10:25:56] 
INFO [2023-07-17 10:25:56] $fill
INFO [2023-07-17 10:25:56] c("dodgerblue", "firebrick1", "darkgoldenrod1", "springgreen")
INFO [2023-07-17 10:25:56] 
INFO [2023-07-17 10:25:56] $alpha
INFO [2023-07-17 10:25:56] [1] 0.5
INFO [2023-07-17 10:25:56] 
INFO [2023-07-17 10:25:56] $cex
INFO [2023-07-17 10:25:56] [1] 1.5
INFO [2023-07-17 10:25:56] 
